<?xml version="1.0" encoding="UTF-8"?>
<!-- Generated by org.testng.reporters.JUnitReportReporter -->
<testsuite hostname="DESKTOP-4HAEB1C" failures="0" tests="1" name="org.demo.Sample" time="1.308" errors="0" timestamp="2022-12-28T08:41:44 IST" skipped="0">
  <testcase classname="org.demo.Sample" name="sampleData" time="1.308"/>
  <system-out/>
</testsuite> <!-- org.demo.Sample -->
