<?xml version="1.0" encoding="UTF-8"?>
<!-- Generated by org.testng.reporters.JUnitReportReporter -->
<testsuite hostname="DESKTOP-4HAEB1C" failures="0" tests="4" name="test.BaseClass" time="44.487" errors="0" timestamp="2022-12-31T17:14:42 IST" skipped="0">
  <testcase classname="test.BaseClass" name="browserOpen" time="33.056"/>
  <system-out/>
  <testcase classname="test.BaseClass" name="setValue" time="1.868"/>
  <system-out/>
  <testcase classname="test.BaseClass" name="findElement" time="1.000"/>
  <system-out/>
  <testcase classname="test.BaseClass" name="calender" time="8.563"/>
  <system-out/>
</testsuite> <!-- test.BaseClass -->
