<?xml version="1.0" encoding="UTF-8"?>
<!-- Generated by org.testng.reporters.JUnitReportReporter -->
<testsuite hostname="DESKTOP-4HAEB1C" failures="0" tests="1" name="test.SampleTest" time="9.502" errors="0" timestamp="2022-12-31T07:33:17 IST" skipped="0">
  <testcase classname="test.SampleTest" name="Login" time="9.502"/>
  <system-out/>
</testsuite> <!-- test.SampleTest -->
